\BOOKMARK [0][-]{chapter.1}{\376\377\000B\000u\000g\000\040\000L\000i\000s\000t}{}
\BOOKMARK [0][-]{chapter.2}{\376\377\000C\000l\000a\000s\000s\000\040\000I\000n\000d\000e\000x}{}
\BOOKMARK [1][-]{section.2.1}{\376\377\000C\000l\000a\000s\000s\000\040\000H\000i\000e\000r\000a\000r\000c\000h\000y}{chapter.2}
\BOOKMARK [0][-]{chapter.3}{\376\377\000C\000l\000a\000s\000s\000\040\000I\000n\000d\000e\000x}{}
\BOOKMARK [1][-]{section.3.1}{\376\377\000C\000l\000a\000s\000s\000\040\000L\000i\000s\000t}{chapter.3}
\BOOKMARK [0][-]{chapter.4}{\376\377\000F\000i\000l\000e\000\040\000I\000n\000d\000e\000x}{}
\BOOKMARK [1][-]{section.4.1}{\376\377\000F\000i\000l\000e\000\040\000L\000i\000s\000t}{chapter.4}
\BOOKMARK [0][-]{chapter.5}{\376\377\000C\000l\000a\000s\000s\000\040\000D\000o\000c\000u\000m\000e\000n\000t\000a\000t\000i\000o\000n}{}
\BOOKMARK [1][-]{section.5.1}{\376\377\000A\000l\000l\000e\000g\000r\000o\000\040\000C\000l\000a\000s\000s\000\040\000R\000e\000f\000e\000r\000e\000n\000c\000e}{chapter.5}
\BOOKMARK [2][-]{subsection.5.1.1}{\376\377\000C\000o\000n\000s\000t\000r\000u\000c\000t\000o\000r\000\040\000\046\000\040\000D\000e\000s\000t\000r\000u\000c\000t\000o\000r\000\040\000D\000o\000c\000u\000m\000e\000n\000t\000a\000t\000i\000o\000n}{section.5.1}
\BOOKMARK [3][-]{subsubsection.5.1.1.1}{\376\377\000A\000l\000l\000e\000g\000r\000o}{subsection.5.1.1}
\BOOKMARK [3][-]{subsubsection.5.1.1.2}{\376\377\000A\000l\000l\000e\000g\000r\000o}{subsection.5.1.1}
\BOOKMARK [2][-]{subsection.5.1.2}{\376\377\000M\000e\000m\000b\000e\000r\000\040\000F\000u\000n\000c\000t\000i\000o\000n\000\040\000D\000o\000c\000u\000m\000e\000n\000t\000a\000t\000i\000o\000n}{section.5.1}
\BOOKMARK [3][-]{subsubsection.5.1.2.1}{\376\377\000c\000o\000l\000l\000i\000s\000i\000o\000n}{subsection.5.1.2}
\BOOKMARK [3][-]{subsubsection.5.1.2.2}{\376\377\000c\000o\000l\000l\000i\000s\000i\000o\000n\0001}{subsection.5.1.2}
\BOOKMARK [3][-]{subsubsection.5.1.2.3}{\376\377\000c\000r\000e\000a\000t\000e\000W\000i\000n\000d\000o\000w}{subsection.5.1.2}
\BOOKMARK [3][-]{subsubsection.5.1.2.4}{\376\377\000g\000a\000m\000e\000L\000o\000o\000p}{subsection.5.1.2}
\BOOKMARK [3][-]{subsubsection.5.1.2.5}{\376\377\000i\000n\000i\000t}{subsection.5.1.2}
\BOOKMARK [2][-]{subsection.5.1.3}{\376\377\000M\000e\000m\000b\000e\000r\000\040\000D\000a\000t\000a\000\040\000D\000o\000c\000u\000m\000e\000n\000t\000a\000t\000i\000o\000n}{section.5.1}
\BOOKMARK [3][-]{subsubsection.5.1.3.1}{\376\377\000B\000A\000b\000i\000t\000m\000a\000p}{subsection.5.1.3}
\BOOKMARK [3][-]{subsubsection.5.1.3.2}{\376\377\000b\000o\000s\000s}{subsection.5.1.3}
\BOOKMARK [3][-]{subsubsection.5.1.3.3}{\376\377\000d\000i\000s\000p\000l\000a\000y}{subsection.5.1.3}
\BOOKMARK [3][-]{subsubsection.5.1.3.4}{\376\377\000e\000n\000e\000m\000y}{subsection.5.1.3}
\BOOKMARK [3][-]{subsubsection.5.1.3.5}{\376\377\000e\000v\000e\000n\000t\000\137\000q\000u\000e\000u\000e}{subsection.5.1.3}
\BOOKMARK [3][-]{subsubsection.5.1.3.6}{\376\377\000E\000X\000b\000i\000t\000m\000a\000p}{subsection.5.1.3}
\BOOKMARK [3][-]{subsubsection.5.1.3.7}{\376\377\000f\000o\000n\000t}{subsection.5.1.3}
\BOOKMARK [3][-]{subsubsection.5.1.3.8}{\376\377\000k\000e\000y\000b\000o\000a\000r\000d}{subsection.5.1.3}
\BOOKMARK [3][-]{subsubsection.5.1.3.9}{\376\377\000L\000O\000b\000i\000t\000m\000a\000p}{subsection.5.1.3}
\BOOKMARK [3][-]{subsubsection.5.1.3.10}{\376\377\000l\000o\000o\000p\000i\000n\000g}{subsection.5.1.3}
\BOOKMARK [3][-]{subsubsection.5.1.3.11}{\376\377\000p\000l\000a\000y\000e\000r}{subsection.5.1.3}
\BOOKMARK [3][-]{subsubsection.5.1.3.12}{\376\377\000r\000e\000d\000r\000a\000w}{subsection.5.1.3}
\BOOKMARK [3][-]{subsubsection.5.1.3.13}{\376\377\000t\000i\000m\000e\000r}{subsection.5.1.3}
\BOOKMARK [1][-]{section.5.2}{\376\377\000B\000a\000c\000k\000g\000r\000o\000u\000n\000d\000\040\000S\000t\000r\000u\000c\000t\000\040\000R\000e\000f\000e\000r\000e\000n\000c\000e}{chapter.5}
\BOOKMARK [2][-]{subsection.5.2.1}{\376\377\000M\000e\000m\000b\000e\000r\000\040\000D\000a\000t\000a\000\040\000D\000o\000c\000u\000m\000e\000n\000t\000a\000t\000i\000o\000n}{section.5.2}
\BOOKMARK [3][-]{subsubsection.5.2.1.1}{\376\377\000d\000i\000r\000X}{subsection.5.2.1}
\BOOKMARK [3][-]{subsubsection.5.2.1.2}{\376\377\000d\000i\000r\000Y}{subsection.5.2.1}
\BOOKMARK [3][-]{subsubsection.5.2.1.3}{\376\377\000h\000e\000i\000g\000h\000t}{subsection.5.2.1}
\BOOKMARK [3][-]{subsubsection.5.2.1.4}{\376\377\000i\000m\000a\000g\000e}{subsection.5.2.1}
\BOOKMARK [3][-]{subsubsection.5.2.1.5}{\376\377\000v\000e\000l\000X}{subsection.5.2.1}
\BOOKMARK [3][-]{subsubsection.5.2.1.6}{\376\377\000v\000e\000l\000Y}{subsection.5.2.1}
\BOOKMARK [3][-]{subsubsection.5.2.1.7}{\376\377\000w\000i\000d\000t\000h}{subsection.5.2.1}
\BOOKMARK [3][-]{subsubsection.5.2.1.8}{\376\377\000x}{subsection.5.2.1}
\BOOKMARK [3][-]{subsubsection.5.2.1.9}{\376\377\000y}{subsection.5.2.1}
\BOOKMARK [1][-]{section.5.3}{\376\377\000b\000u\000l\000l\000e\000t\000\040\000C\000l\000a\000s\000s\000\040\000R\000e\000f\000e\000r\000e\000n\000c\000e}{chapter.5}
\BOOKMARK [2][-]{subsection.5.3.1}{\376\377\000C\000o\000n\000s\000t\000r\000u\000c\000t\000o\000r\000\040\000\046\000\040\000D\000e\000s\000t\000r\000u\000c\000t\000o\000r\000\040\000D\000o\000c\000u\000m\000e\000n\000t\000a\000t\000i\000o\000n}{section.5.3}
\BOOKMARK [3][-]{subsubsection.5.3.1.1}{\376\377\000b\000u\000l\000l\000e\000t}{subsection.5.3.1}
\BOOKMARK [3][-]{subsubsection.5.3.1.2}{\376\377\000b\000u\000l\000l\000e\000t}{subsection.5.3.1}
\BOOKMARK [2][-]{subsection.5.3.2}{\376\377\000M\000e\000m\000b\000e\000r\000\040\000F\000u\000n\000c\000t\000i\000o\000n\000\040\000D\000o\000c\000u\000m\000e\000n\000t\000a\000t\000i\000o\000n}{section.5.3}
\BOOKMARK [3][-]{subsubsection.5.3.2.1}{\376\377\000a\000d\000d\000B\000u\000l\000l\000e\000t}{subsection.5.3.2}
\BOOKMARK [3][-]{subsubsection.5.3.2.2}{\376\377\000d\000r\000a\000w\000B}{subsection.5.3.2}
\BOOKMARK [3][-]{subsubsection.5.3.2.3}{\376\377\000g\000e\000t\000B\000u\000l\000l\000e\000t\000M\000a\000p}{subsection.5.3.2}
\BOOKMARK [3][-]{subsubsection.5.3.2.4}{\376\377\000s\000e\000t\000B\000u\000l\000l\000e\000t}{subsection.5.3.2}
\BOOKMARK [2][-]{subsection.5.3.3}{\376\377\000M\000e\000m\000b\000e\000r\000\040\000D\000a\000t\000a\000\040\000D\000o\000c\000u\000m\000e\000n\000t\000a\000t\000i\000o\000n}{section.5.3}
\BOOKMARK [3][-]{subsubsection.5.3.3.1}{\376\377\000B\000b\000i\000t\000m\000a\000p}{subsection.5.3.3}
\BOOKMARK [3][-]{subsubsection.5.3.3.2}{\376\377\000B\000l\000i\000s\000t}{subsection.5.3.3}
\BOOKMARK [1][-]{section.5.4}{\376\377\000b\000u\000l\000l\000e\000t\000T\000y\000p\000e\000\040\000C\000l\000a\000s\000s\000\040\000R\000e\000f\000e\000r\000e\000n\000c\000e}{chapter.5}
\BOOKMARK [2][-]{subsection.5.4.1}{\376\377\000C\000o\000n\000s\000t\000r\000u\000c\000t\000o\000r\000\040\000\046\000\040\000D\000e\000s\000t\000r\000u\000c\000t\000o\000r\000\040\000D\000o\000c\000u\000m\000e\000n\000t\000a\000t\000i\000o\000n}{section.5.4}
\BOOKMARK [3][-]{subsubsection.5.4.1.1}{\376\377\000b\000u\000l\000l\000e\000t\000T\000y\000p\000e}{subsection.5.4.1}
\BOOKMARK [2][-]{subsection.5.4.2}{\376\377\000M\000e\000m\000b\000e\000r\000\040\000F\000u\000n\000c\000t\000i\000o\000n\000\040\000D\000o\000c\000u\000m\000e\000n\000t\000a\000t\000i\000o\000n}{section.5.4}
\BOOKMARK [3][-]{subsubsection.5.4.2.1}{\376\377\000g\000e\000t\000b\000X}{subsection.5.4.2}
\BOOKMARK [3][-]{subsubsection.5.4.2.2}{\376\377\000g\000e\000t\000b\000Y}{subsection.5.4.2}
\BOOKMARK [3][-]{subsubsection.5.4.2.3}{\376\377\000s\000e\000t\000b\000X}{subsection.5.4.2}
\BOOKMARK [3][-]{subsubsection.5.4.2.4}{\376\377\000s\000e\000t\000b\000Y}{subsection.5.4.2}
\BOOKMARK [2][-]{subsection.5.4.3}{\376\377\000M\000e\000m\000b\000e\000r\000\040\000D\000a\000t\000a\000\040\000D\000o\000c\000u\000m\000e\000n\000t\000a\000t\000i\000o\000n}{section.5.4}
\BOOKMARK [3][-]{subsubsection.5.4.3.1}{\376\377\000b\000X}{subsection.5.4.3}
\BOOKMARK [3][-]{subsubsection.5.4.3.2}{\376\377\000b\000Y}{subsection.5.4.3}
\BOOKMARK [1][-]{section.5.5}{\376\377\000E\000n\000e\000m\000y\000\040\000C\000l\000a\000s\000s\000\040\000R\000e\000f\000e\000r\000e\000n\000c\000e}{chapter.5}
\BOOKMARK [2][-]{subsection.5.5.1}{\376\377\000C\000o\000n\000s\000t\000r\000u\000c\000t\000o\000r\000\040\000\046\000\040\000D\000e\000s\000t\000r\000u\000c\000t\000o\000r\000\040\000D\000o\000c\000u\000m\000e\000n\000t\000a\000t\000i\000o\000n}{section.5.5}
\BOOKMARK [3][-]{subsubsection.5.5.1.1}{\376\377\000E\000n\000e\000m\000y}{subsection.5.5.1}
\BOOKMARK [3][-]{subsubsection.5.5.1.2}{\376\377\000E\000n\000e\000m\000y}{subsection.5.5.1}
\BOOKMARK [2][-]{subsection.5.5.2}{\376\377\000M\000e\000m\000b\000e\000r\000\040\000F\000u\000n\000c\000t\000i\000o\000n\000\040\000D\000o\000c\000u\000m\000e\000n\000t\000a\000t\000i\000o\000n}{section.5.5}
\BOOKMARK [3][-]{subsubsection.5.5.2.1}{\376\377\000m\000o\000v\000e\000b\000o\000s\000s}{subsection.5.5.2}
\BOOKMARK [3][-]{subsubsection.5.5.2.2}{\376\377\000m\000o\000v\000e\000E\000n\000e\000m\000y}{subsection.5.5.2}
\BOOKMARK [2][-]{subsection.5.5.3}{\376\377\000M\000e\000m\000b\000e\000r\000\040\000D\000a\000t\000a\000\040\000D\000o\000c\000u\000m\000e\000n\000t\000a\000t\000i\000o\000n}{section.5.5}
\BOOKMARK [3][-]{subsubsection.5.5.3.1}{\376\377\000h\000e\000a\000l\000t\000h}{subsection.5.5.3}
\BOOKMARK [1][-]{section.5.6}{\376\377\000E\000n\000e\000m\000y\000O\000n\000e\000\040\000C\000l\000a\000s\000s\000\040\000R\000e\000f\000e\000r\000e\000n\000c\000e}{chapter.5}
\BOOKMARK [2][-]{subsection.5.6.1}{\376\377\000C\000o\000n\000s\000t\000r\000u\000c\000t\000o\000r\000\040\000\046\000\040\000D\000e\000s\000t\000r\000u\000c\000t\000o\000r\000\040\000D\000o\000c\000u\000m\000e\000n\000t\000a\000t\000i\000o\000n}{section.5.6}
\BOOKMARK [3][-]{subsubsection.5.6.1.1}{\376\377\000E\000n\000e\000m\000y\000O\000n\000e}{subsection.5.6.1}
\BOOKMARK [3][-]{subsubsection.5.6.1.2}{\376\377\000E\000n\000e\000m\000y\000O\000n\000e}{subsection.5.6.1}
\BOOKMARK [2][-]{subsection.5.6.2}{\376\377\000M\000e\000m\000b\000e\000r\000\040\000F\000u\000n\000c\000t\000i\000o\000n\000\040\000D\000o\000c\000u\000m\000e\000n\000t\000a\000t\000i\000o\000n}{section.5.6}
\BOOKMARK [3][-]{subsubsection.5.6.2.1}{\376\377\000a\000d\000d\000E\000n\000e\000m\000y}{subsection.5.6.2}
\BOOKMARK [3][-]{subsubsection.5.6.2.2}{\376\377\000d\000r\000a\000w\000E}{subsection.5.6.2}
\BOOKMARK [3][-]{subsubsection.5.6.2.3}{\376\377\000g\000e\000t\000E\000n\000e\000m\000y}{subsection.5.6.2}
\BOOKMARK [3][-]{subsubsection.5.6.2.4}{\376\377\000s\000e\000t\000E\000n\000e\000m\000y}{subsection.5.6.2}
\BOOKMARK [2][-]{subsection.5.6.3}{\376\377\000M\000e\000m\000b\000e\000r\000\040\000D\000a\000t\000a\000\040\000D\000o\000c\000u\000m\000e\000n\000t\000a\000t\000i\000o\000n}{section.5.6}
\BOOKMARK [3][-]{subsubsection.5.6.3.1}{\376\377\000E\000b\000i\000t\000m\000a\000p}{subsection.5.6.3}
\BOOKMARK [3][-]{subsubsection.5.6.3.2}{\376\377\000E\000b\000i\000t\000m\000a\000p\0002}{subsection.5.6.3}
\BOOKMARK [3][-]{subsubsection.5.6.3.3}{\376\377\000E\000l\000i\000s\000t}{subsection.5.6.3}
\BOOKMARK [1][-]{section.5.7}{\376\377\000E\000n\000e\000m\000y\000t\000y\000p\000e\000\040\000C\000l\000a\000s\000s\000\040\000R\000e\000f\000e\000r\000e\000n\000c\000e}{chapter.5}
\BOOKMARK [2][-]{subsection.5.7.1}{\376\377\000C\000o\000n\000s\000t\000r\000u\000c\000t\000o\000r\000\040\000\046\000\040\000D\000e\000s\000t\000r\000u\000c\000t\000o\000r\000\040\000D\000o\000c\000u\000m\000e\000n\000t\000a\000t\000i\000o\000n}{section.5.7}
\BOOKMARK [3][-]{subsubsection.5.7.1.1}{\376\377\000E\000n\000e\000m\000y\000t\000y\000p\000e}{subsection.5.7.1}
\BOOKMARK [2][-]{subsection.5.7.2}{\376\377\000M\000e\000m\000b\000e\000r\000\040\000F\000u\000n\000c\000t\000i\000o\000n\000\040\000D\000o\000c\000u\000m\000e\000n\000t\000a\000t\000i\000o\000n}{section.5.7}
\BOOKMARK [3][-]{subsubsection.5.7.2.1}{\376\377\000g\000e\000t\000M\000S}{subsection.5.7.2}
\BOOKMARK [3][-]{subsubsection.5.7.2.2}{\376\377\000g\000e\000t\000X}{subsection.5.7.2}
\BOOKMARK [3][-]{subsubsection.5.7.2.3}{\376\377\000g\000e\000t\000Y}{subsection.5.7.2}
\BOOKMARK [3][-]{subsubsection.5.7.2.4}{\376\377\000s\000e\000t\000X}{subsection.5.7.2}
\BOOKMARK [3][-]{subsubsection.5.7.2.5}{\376\377\000s\000e\000t\000Y}{subsection.5.7.2}
\BOOKMARK [2][-]{subsection.5.7.3}{\376\377\000M\000e\000m\000b\000e\000r\000\040\000D\000a\000t\000a\000\040\000D\000o\000c\000u\000m\000e\000n\000t\000a\000t\000i\000o\000n}{section.5.7}
\BOOKMARK [3][-]{subsubsection.5.7.3.1}{\376\377\000m\000o\000v\000e\000S\000p\000e\000e\000d}{subsection.5.7.3}
\BOOKMARK [3][-]{subsubsection.5.7.3.2}{\376\377\000x}{subsection.5.7.3}
\BOOKMARK [3][-]{subsubsection.5.7.3.3}{\376\377\000y}{subsection.5.7.3}
\BOOKMARK [1][-]{section.5.8}{\376\377\000K\000e\000y\000b\000o\000a\000r\000d\000\040\000C\000l\000a\000s\000s\000\040\000R\000e\000f\000e\000r\000e\000n\000c\000e}{chapter.5}
\BOOKMARK [2][-]{subsection.5.8.1}{\376\377\000C\000o\000n\000s\000t\000r\000u\000c\000t\000o\000r\000\040\000\046\000\040\000D\000e\000s\000t\000r\000u\000c\000t\000o\000r\000\040\000D\000o\000c\000u\000m\000e\000n\000t\000a\000t\000i\000o\000n}{section.5.8}
\BOOKMARK [3][-]{subsubsection.5.8.1.1}{\376\377\000K\000e\000y\000b\000o\000a\000r\000d}{subsection.5.8.1}
\BOOKMARK [3][-]{subsubsection.5.8.1.2}{\376\377\000K\000e\000y\000b\000o\000a\000r\000d}{subsection.5.8.1}
\BOOKMARK [2][-]{subsection.5.8.2}{\376\377\000M\000e\000m\000b\000e\000r\000\040\000D\000a\000t\000a\000\040\000D\000o\000c\000u\000m\000e\000n\000t\000a\000t\000i\000o\000n}{section.5.8}
\BOOKMARK [3][-]{subsubsection.5.8.2.1}{\376\377\000k\000e\000y}{subsection.5.8.2}
\BOOKMARK [1][-]{section.5.9}{\376\377\000P\000l\000a\000n\000e\000\040\000C\000l\000a\000s\000s\000\040\000R\000e\000f\000e\000r\000e\000n\000c\000e}{chapter.5}
\BOOKMARK [2][-]{subsection.5.9.1}{\376\377\000C\000o\000n\000s\000t\000r\000u\000c\000t\000o\000r\000\040\000\046\000\040\000D\000e\000s\000t\000r\000u\000c\000t\000o\000r\000\040\000D\000o\000c\000u\000m\000e\000n\000t\000a\000t\000i\000o\000n}{section.5.9}
\BOOKMARK [3][-]{subsubsection.5.9.1.1}{\376\377\000P\000l\000a\000n\000e}{subsection.5.9.1}
\BOOKMARK [3][-]{subsubsection.5.9.1.2}{\376\377\000P\000l\000a\000n\000e}{subsection.5.9.1}
\BOOKMARK [2][-]{subsection.5.9.2}{\376\377\000M\000e\000m\000b\000e\000r\000\040\000F\000u\000n\000c\000t\000i\000o\000n\000\040\000D\000o\000c\000u\000m\000e\000n\000t\000a\000t\000i\000o\000n}{section.5.9}
\BOOKMARK [3][-]{subsubsection.5.9.2.1}{\376\377\000d\000r\000a\000w}{subsection.5.9.2}
\BOOKMARK [3][-]{subsubsection.5.9.2.2}{\376\377\000g\000e\000t\000B\000i\000t\000m\000a\000p}{subsection.5.9.2}
\BOOKMARK [3][-]{subsubsection.5.9.2.3}{\376\377\000g\000e\000t\000X}{subsection.5.9.2}
\BOOKMARK [3][-]{subsubsection.5.9.2.4}{\376\377\000g\000e\000t\000Y}{subsection.5.9.2}
\BOOKMARK [3][-]{subsubsection.5.9.2.5}{\376\377\000i\000n\000i\000t\000i\000a\000l\000P\000l\000a\000n\000e}{subsection.5.9.2}
\BOOKMARK [3][-]{subsubsection.5.9.2.6}{\376\377\000s\000e\000t\000B\000i\000t\000m\000a\000p}{subsection.5.9.2}
\BOOKMARK [2][-]{subsection.5.9.3}{\376\377\000M\000e\000m\000b\000e\000r\000\040\000D\000a\000t\000a\000\040\000D\000o\000c\000u\000m\000e\000n\000t\000a\000t\000i\000o\000n}{section.5.9}
\BOOKMARK [3][-]{subsubsection.5.9.3.1}{\376\377\000b\000i\000t\000m\000a\000p}{subsection.5.9.3}
\BOOKMARK [3][-]{subsubsection.5.9.3.2}{\376\377\000x}{subsection.5.9.3}
\BOOKMARK [3][-]{subsubsection.5.9.3.3}{\376\377\000y}{subsection.5.9.3}
\BOOKMARK [1][-]{section.5.10}{\376\377\000P\000l\000a\000y\000e\000r\000\040\000C\000l\000a\000s\000s\000\040\000R\000e\000f\000e\000r\000e\000n\000c\000e}{chapter.5}
\BOOKMARK [2][-]{subsection.5.10.1}{\376\377\000C\000o\000n\000s\000t\000r\000u\000c\000t\000o\000r\000\040\000\046\000\040\000D\000e\000s\000t\000r\000u\000c\000t\000o\000r\000\040\000D\000o\000c\000u\000m\000e\000n\000t\000a\000t\000i\000o\000n}{section.5.10}
\BOOKMARK [3][-]{subsubsection.5.10.1.1}{\376\377\000P\000l\000a\000y\000e\000r}{subsection.5.10.1}
\BOOKMARK [3][-]{subsubsection.5.10.1.2}{\376\377\000P\000l\000a\000y\000e\000r}{subsection.5.10.1}
\BOOKMARK [2][-]{subsection.5.10.2}{\376\377\000M\000e\000m\000b\000e\000r\000\040\000F\000u\000n\000c\000t\000i\000o\000n\000\040\000D\000o\000c\000u\000m\000e\000n\000t\000a\000t\000i\000o\000n}{section.5.10}
\BOOKMARK [3][-]{subsubsection.5.10.2.1}{\376\377\000d\000o\000L\000o\000g\000i\000c}{subsection.5.10.2}
\BOOKMARK [3][-]{subsubsection.5.10.2.2}{\376\377\000m\000o\000v\000e\000B\000u\000l\000l\000e\000t}{subsection.5.10.2}
\BOOKMARK [2][-]{subsection.5.10.3}{\376\377\000M\000e\000m\000b\000e\000r\000\040\000D\000a\000t\000a\000\040\000D\000o\000c\000u\000m\000e\000n\000t\000a\000t\000i\000o\000n}{section.5.10}
\BOOKMARK [3][-]{subsubsection.5.10.3.1}{\376\377\000b\000M\000o\000v\000e\000S\000p\000e\000e\000d}{subsection.5.10.3}
\BOOKMARK [3][-]{subsubsection.5.10.3.2}{\376\377\000h\000e\000a\000l\000t\000h}{subsection.5.10.3}
\BOOKMARK [3][-]{subsubsection.5.10.3.3}{\376\377\000m\000o\000v\000e\000S\000p\000e\000e\000d}{subsection.5.10.3}
\BOOKMARK [0][-]{chapter.6}{\376\377\000F\000i\000l\000e\000\040\000D\000o\000c\000u\000m\000e\000n\000t\000a\000t\000i\000o\000n}{}
\BOOKMARK [1][-]{section.6.1}{\376\377\000A\000l\000l\000e\000g\000r\000o\000.\000c\000c\000\040\000F\000i\000l\000e\000\040\000R\000e\000f\000e\000r\000e\000n\000c\000e}{chapter.6}
\BOOKMARK [2][-]{subsection.6.1.1}{\376\377\000D\000e\000t\000a\000i\000l\000e\000d\000\040\000D\000e\000s\000c\000r\000i\000p\000t\000i\000o\000n}{section.6.1}
\BOOKMARK [2][-]{subsection.6.1.2}{\376\377\000F\000u\000n\000c\000t\000i\000o\000n\000\040\000D\000o\000c\000u\000m\000e\000n\000t\000a\000t\000i\000o\000n}{section.6.1}
\BOOKMARK [3][-]{subsubsection.6.1.2.1}{\376\377\000D\000r\000a\000w\000B\000a\000c\000k\000g\000r\000o\000u\000n\000d}{subsection.6.1.2}
\BOOKMARK [3][-]{subsubsection.6.1.2.2}{\376\377\000I\000n\000i\000t\000B\000a\000c\000k\000g\000r\000o\000u\000n\000d}{subsection.6.1.2}
\BOOKMARK [3][-]{subsubsection.6.1.2.3}{\376\377\000U\000p\000d\000a\000t\000e\000B\000a\000c\000k\000g\000r\000o\000u\000n\000d}{subsection.6.1.2}
\BOOKMARK [2][-]{subsection.6.1.3}{\376\377\000V\000a\000r\000i\000a\000b\000l\000e\000\040\000D\000o\000c\000u\000m\000e\000n\000t\000a\000t\000i\000o\000n}{section.6.1}
\BOOKMARK [3][-]{subsubsection.6.1.3.1}{\376\377\000B\000G}{subsection.6.1.3}
\BOOKMARK [3][-]{subsubsection.6.1.3.2}{\376\377\000b\000g\000I\000m\000a\000g\000e}{subsection.6.1.3}
\BOOKMARK [3][-]{subsubsection.6.1.3.3}{\376\377\000b\000o\000o\000m}{subsection.6.1.3}
\BOOKMARK [3][-]{subsubsection.6.1.3.4}{\376\377\000F\000G}{subsection.6.1.3}
\BOOKMARK [3][-]{subsubsection.6.1.3.5}{\376\377\000f\000g\000I\000m\000a\000g\000e}{subsection.6.1.3}
\BOOKMARK [3][-]{subsubsection.6.1.3.6}{\376\377\000H\000E\000I\000G\000H\000T}{subsection.6.1.3}
\BOOKMARK [3][-]{subsubsection.6.1.3.7}{\376\377\000M\000G}{subsection.6.1.3}
\BOOKMARK [3][-]{subsubsection.6.1.3.8}{\376\377\000m\000g\000I\000m\000a\000g\000e}{subsection.6.1.3}
\BOOKMARK [3][-]{subsubsection.6.1.3.9}{\376\377\000s\000h\000o\000t}{subsection.6.1.3}
\BOOKMARK [3][-]{subsubsection.6.1.3.10}{\376\377\000s\000o\000n\000g}{subsection.6.1.3}
\BOOKMARK [3][-]{subsubsection.6.1.3.11}{\376\377\000s\000o\000n\000g\000I\000n\000s\000t\000a\000n\000c\000e}{subsection.6.1.3}
\BOOKMARK [3][-]{subsubsection.6.1.3.12}{\376\377\000W\000I\000D\000T\000H}{subsection.6.1.3}
\BOOKMARK [1][-]{section.6.2}{\376\377\000A\000l\000l\000e\000g\000r\000o\000.\000h\000\040\000F\000i\000l\000e\000\040\000R\000e\000f\000e\000r\000e\000n\000c\000e}{chapter.6}
\BOOKMARK [2][-]{subsection.6.2.1}{\376\377\000D\000e\000t\000a\000i\000l\000e\000d\000\040\000D\000e\000s\000c\000r\000i\000p\000t\000i\000o\000n}{section.6.2}
\BOOKMARK [2][-]{subsection.6.2.2}{\376\377\000E\000n\000u\000m\000e\000r\000a\000t\000i\000o\000n\000\040\000T\000y\000p\000e\000\040\000D\000o\000c\000u\000m\000e\000n\000t\000a\000t\000i\000o\000n}{section.6.2}
\BOOKMARK [3][-]{subsubsection.6.2.2.1}{\376\377\000S\000t\000a\000t\000e\000s}{subsection.6.2.2}
\BOOKMARK [1][-]{section.6.3}{\376\377\000b\000u\000l\000l\000e\000t\000.\000c\000c\000\040\000F\000i\000l\000e\000\040\000R\000e\000f\000e\000r\000e\000n\000c\000e}{chapter.6}
\BOOKMARK [2][-]{subsection.6.3.1}{\376\377\000D\000e\000t\000a\000i\000l\000e\000d\000\040\000D\000e\000s\000c\000r\000i\000p\000t\000i\000o\000n}{section.6.3}
\BOOKMARK [1][-]{section.6.4}{\376\377\000b\000u\000l\000l\000e\000t\000.\000h\000\040\000F\000i\000l\000e\000\040\000R\000e\000f\000e\000r\000e\000n\000c\000e}{chapter.6}
\BOOKMARK [2][-]{subsection.6.4.1}{\376\377\000D\000e\000t\000a\000i\000l\000e\000d\000\040\000D\000e\000s\000c\000r\000i\000p\000t\000i\000o\000n}{section.6.4}
\BOOKMARK [1][-]{section.6.5}{\376\377\000E\000n\000e\000m\000y\000.\000c\000c\000\040\000F\000i\000l\000e\000\040\000R\000e\000f\000e\000r\000e\000n\000c\000e}{chapter.6}
\BOOKMARK [2][-]{subsection.6.5.1}{\376\377\000D\000e\000t\000a\000i\000l\000e\000d\000\040\000D\000e\000s\000c\000r\000i\000p\000t\000i\000o\000n}{section.6.5}
\BOOKMARK [1][-]{section.6.6}{\376\377\000E\000n\000e\000m\000y\000.\000h\000\040\000F\000i\000l\000e\000\040\000R\000e\000f\000e\000r\000e\000n\000c\000e}{chapter.6}
\BOOKMARK [2][-]{subsection.6.6.1}{\376\377\000D\000e\000t\000a\000i\000l\000e\000d\000\040\000D\000e\000s\000c\000r\000i\000p\000t\000i\000o\000n}{section.6.6}
\BOOKMARK [1][-]{section.6.7}{\376\377\000E\000n\000e\000m\000y\000O\000n\000e\000.\000c\000c\000\040\000F\000i\000l\000e\000\040\000R\000e\000f\000e\000r\000e\000n\000c\000e}{chapter.6}
\BOOKMARK [2][-]{subsection.6.7.1}{\376\377\000D\000e\000t\000a\000i\000l\000e\000d\000\040\000D\000e\000s\000c\000r\000i\000p\000t\000i\000o\000n}{section.6.7}
\BOOKMARK [1][-]{section.6.8}{\376\377\000E\000n\000e\000m\000y\000O\000n\000e\000.\000h\000\040\000F\000i\000l\000e\000\040\000R\000e\000f\000e\000r\000e\000n\000c\000e}{chapter.6}
\BOOKMARK [2][-]{subsection.6.8.1}{\376\377\000D\000e\000t\000a\000i\000l\000e\000d\000\040\000D\000e\000s\000c\000r\000i\000p\000t\000i\000o\000n}{section.6.8}
\BOOKMARK [1][-]{section.6.9}{\376\377\000K\000e\000y\000b\000o\000a\000r\000d\000.\000c\000c\000\040\000F\000i\000l\000e\000\040\000R\000e\000f\000e\000r\000e\000n\000c\000e}{chapter.6}
\BOOKMARK [2][-]{subsection.6.9.1}{\376\377\000D\000e\000t\000a\000i\000l\000e\000d\000\040\000D\000e\000s\000c\000r\000i\000p\000t\000i\000o\000n}{section.6.9}
\BOOKMARK [1][-]{section.6.10}{\376\377\000K\000e\000y\000b\000o\000a\000r\000d\000.\000h\000\040\000F\000i\000l\000e\000\040\000R\000e\000f\000e\000r\000e\000n\000c\000e}{chapter.6}
\BOOKMARK [2][-]{subsection.6.10.1}{\376\377\000D\000e\000t\000a\000i\000l\000e\000d\000\040\000D\000e\000s\000c\000r\000i\000p\000t\000i\000o\000n}{section.6.10}
\BOOKMARK [2][-]{subsection.6.10.2}{\376\377\000E\000n\000u\000m\000e\000r\000a\000t\000i\000o\000n\000\040\000T\000y\000p\000e\000\040\000D\000o\000c\000u\000m\000e\000n\000t\000a\000t\000i\000o\000n}{section.6.10}
\BOOKMARK [3][-]{subsubsection.6.10.2.1}{\376\377\000k\000e\000y\000s}{subsection.6.10.2}
\BOOKMARK [1][-]{section.6.11}{\376\377\000m\000a\000i\000n\000.\000c\000c\000\040\000F\000i\000l\000e\000\040\000R\000e\000f\000e\000r\000e\000n\000c\000e}{chapter.6}
\BOOKMARK [2][-]{subsection.6.11.1}{\376\377\000D\000e\000t\000a\000i\000l\000e\000d\000\040\000D\000e\000s\000c\000r\000i\000p\000t\000i\000o\000n}{section.6.11}
\BOOKMARK [2][-]{subsection.6.11.2}{\376\377\000F\000u\000n\000c\000t\000i\000o\000n\000\040\000D\000o\000c\000u\000m\000e\000n\000t\000a\000t\000i\000o\000n}{section.6.11}
\BOOKMARK [3][-]{subsubsection.6.11.2.1}{\376\377\000m\000a\000i\000n}{subsection.6.11.2}
\BOOKMARK [1][-]{section.6.12}{\376\377\000P\000l\000a\000n\000e\000.\000c\000c\000\040\000F\000i\000l\000e\000\040\000R\000e\000f\000e\000r\000e\000n\000c\000e}{chapter.6}
\BOOKMARK [2][-]{subsection.6.12.1}{\376\377\000D\000e\000t\000a\000i\000l\000e\000d\000\040\000D\000e\000s\000c\000r\000i\000p\000t\000i\000o\000n}{section.6.12}
\BOOKMARK [1][-]{section.6.13}{\376\377\000P\000l\000a\000n\000e\000.\000h\000\040\000F\000i\000l\000e\000\040\000R\000e\000f\000e\000r\000e\000n\000c\000e}{chapter.6}
\BOOKMARK [2][-]{subsection.6.13.1}{\376\377\000D\000e\000t\000a\000i\000l\000e\000d\000\040\000D\000e\000s\000c\000r\000i\000p\000t\000i\000o\000n}{section.6.13}
\BOOKMARK [1][-]{section.6.14}{\376\377\000P\000l\000a\000y\000e\000r\000.\000c\000c\000\040\000F\000i\000l\000e\000\040\000R\000e\000f\000e\000r\000e\000n\000c\000e}{chapter.6}
\BOOKMARK [2][-]{subsection.6.14.1}{\376\377\000D\000e\000t\000a\000i\000l\000e\000d\000\040\000D\000e\000s\000c\000r\000i\000p\000t\000i\000o\000n}{section.6.14}
\BOOKMARK [1][-]{section.6.15}{\376\377\000P\000l\000a\000y\000e\000r\000.\000h\000\040\000F\000i\000l\000e\000\040\000R\000e\000f\000e\000r\000e\000n\000c\000e}{chapter.6}
\BOOKMARK [2][-]{subsection.6.15.1}{\376\377\000D\000e\000t\000a\000i\000l\000e\000d\000\040\000D\000e\000s\000c\000r\000i\000p\000t\000i\000o\000n}{section.6.15}
